[33mWARNING[0m:  [10-03-2025 20:07:32] chroma_server_nofile is not supported on Windows. chroma_server_nofile will not be set.
[33mWARNING[0m:  [10-03-2025 20:07:51] chroma_server_nofile is not supported on Windows. chroma_server_nofile will not be set.
[32mINFO[0m:     [10-03-2025 20:07:52] Anonymized telemetry enabled. See                     https://docs.trychroma.com/telemetry for more information.
[36mDEBUG[0m:    [10-03-2025 20:07:52] Starting component System
[36mDEBUG[0m:    [10-03-2025 20:07:52] Starting component OpenTelemetryClient
[36mDEBUG[0m:    [10-03-2025 20:07:52] Starting component SqliteDB
[36mDEBUG[0m:    [10-03-2025 20:07:52] Starting component SimpleQuotaEnforcer
[36mDEBUG[0m:    [10-03-2025 20:07:52] Starting component Posthog
[36mDEBUG[0m:    [10-03-2025 20:07:52] Starting component SimpleRateLimitEnforcer
[36mDEBUG[0m:    [10-03-2025 20:07:52] Starting component LocalSegmentManager
[36mDEBUG[0m:    [10-03-2025 20:07:52] Starting component LocalExecutor
[36mDEBUG[0m:    [10-03-2025 20:07:52] Starting component SegmentAPI
[36mDEBUG[0m:    [10-03-2025 20:07:52] Starting component SimpleAsyncRateLimitEnforcer
[32mINFO[0m:     [10-03-2025 20:07:52] Started server process [[36m17592[0m]
[32mINFO[0m:     [10-03-2025 20:07:52] Waiting for application startup.
[32mINFO[0m:     [10-03-2025 20:07:52] Application startup complete.
[32mINFO[0m:     [10-03-2025 20:07:52] Uvicorn running on [1mhttp://localhost:8000[0m (Press CTRL+C to quit)
[32mINFO[0m:     [10-03-2025 20:16:05] ::1:57148 - "GET /api/v2/auth/identity HTTP/1.1" 200
[32mINFO[0m:     [10-03-2025 20:16:05] ::1:57149 - "GET /api/v2/tenants/default_tenant HTTP/1.1" 200
[32mINFO[0m:     [10-03-2025 20:16:05] ::1:57149 - "GET /api/v2/tenants/default_tenant/databases/default_database HTTP/1.1" 200
