2025-03-06 20:02 - INFO - Hello World
2025-03-06 20:02 - INFO - Hello World
2025-03-06 20:22 - INFO - src/data/dataset.csv not found. Reading from Parquet file.
2025-03-06 20:22 - ERROR - Error while loading dataset: Unable to find a usable engine; tried using: 'pyarrow', 'fastparquet'.
A suitable version of pyarrow or fastparquet is required for parquet support.
Trying to import the above resulted in these errors:
 - Missing optional dependency 'pyarrow'. pyarrow is required for parquet support. Use pip or conda to install pyarrow.
 - Missing optional dependency 'fastparquet'. fastparquet is required for parquet support. Use pip or conda to install fastparquet.
Traceback (most recent call last):
  File "C:\Users\Vijay\OneDrive\Desktop\Yuvabe_Care_Companion_AI\src\backend\data\dataset.py", line 16, in get_data_set
    df = pd.read_parquet(PARAQUET_DATASET_PATH)
  File "C:\Users\Vijay\OneDrive\Desktop\Yuvabe_Care_Companion_AI\.venv\Lib\site-packages\pandas\io\parquet.py", line 651, in read_parquet
    impl = get_engine(engine)
  File "C:\Users\Vijay\OneDrive\Desktop\Yuvabe_Care_Companion_AI\.venv\Lib\site-packages\pandas\io\parquet.py", line 67, in get_engine
    raise ImportError(
    ...<7 lines>...
    )
ImportError: Unable to find a usable engine; tried using: 'pyarrow', 'fastparquet'.
A suitable version of pyarrow or fastparquet is required for parquet support.
Trying to import the above resulted in these errors:
 - Missing optional dependency 'pyarrow'. pyarrow is required for parquet support. Use pip or conda to install pyarrow.
 - Missing optional dependency 'fastparquet'. fastparquet is required for parquet support. Use pip or conda to install fastparquet.
2025-03-06 20:22 - ERROR - 'NoneType' object has no attribute 'head'
2025-03-06 20:24 - INFO - src/backend/data/dataset.csv not found. Reading from Parquet file.
2025-03-06 20:24 - ERROR - Error while loading dataset: Unable to find a usable engine; tried using: 'pyarrow', 'fastparquet'.
A suitable version of pyarrow or fastparquet is required for parquet support.
Trying to import the above resulted in these errors:
 - Missing optional dependency 'pyarrow'. pyarrow is required for parquet support. Use pip or conda to install pyarrow.
 - Missing optional dependency 'fastparquet'. fastparquet is required for parquet support. Use pip or conda to install fastparquet.
Traceback (most recent call last):
  File "C:\Users\Vijay\OneDrive\Desktop\Yuvabe_Care_Companion_AI\src\backend\data\dataset.py", line 16, in get_data_set
    df = pd.read_parquet(PARAQUET_DATASET_PATH)
  File "C:\Users\Vijay\OneDrive\Desktop\Yuvabe_Care_Companion_AI\.venv\Lib\site-packages\pandas\io\parquet.py", line 651, in read_parquet
    impl = get_engine(engine)
  File "C:\Users\Vijay\OneDrive\Desktop\Yuvabe_Care_Companion_AI\.venv\Lib\site-packages\pandas\io\parquet.py", line 67, in get_engine
    raise ImportError(
    ...<7 lines>...
    )
ImportError: Unable to find a usable engine; tried using: 'pyarrow', 'fastparquet'.
A suitable version of pyarrow or fastparquet is required for parquet support.
Trying to import the above resulted in these errors:
 - Missing optional dependency 'pyarrow'. pyarrow is required for parquet support. Use pip or conda to install pyarrow.
 - Missing optional dependency 'fastparquet'. fastparquet is required for parquet support. Use pip or conda to install fastparquet.
2025-03-06 20:24 - ERROR - 'NoneType' object has no attribute 'head'
2025-03-06 20:24 - INFO - src/backend/data/dataset.csv not found. Reading from Parquet file.
2025-03-06 20:24 - ERROR - Error while loading dataset: Unable to find a usable engine; tried using: 'pyarrow', 'fastparquet'.
A suitable version of pyarrow or fastparquet is required for parquet support.
Trying to import the above resulted in these errors:
 - Missing optional dependency 'pyarrow'. pyarrow is required for parquet support. Use pip or conda to install pyarrow.
 - Missing optional dependency 'fastparquet'. fastparquet is required for parquet support. Use pip or conda to install fastparquet.
Traceback (most recent call last):
  File "C:\Users\Vijay\OneDrive\Desktop\Yuvabe_Care_Companion_AI\src\backend\data\dataset.py", line 16, in get_data_set
    df = pd.read_parquet(PARAQUET_DATASET_PATH)
  File "C:\Users\Vijay\OneDrive\Desktop\Yuvabe_Care_Companion_AI\.venv\Lib\site-packages\pandas\io\parquet.py", line 651, in read_parquet
    impl = get_engine(engine)
  File "C:\Users\Vijay\OneDrive\Desktop\Yuvabe_Care_Companion_AI\.venv\Lib\site-packages\pandas\io\parquet.py", line 67, in get_engine
    raise ImportError(
    ...<7 lines>...
    )
ImportError: Unable to find a usable engine; tried using: 'pyarrow', 'fastparquet'.
A suitable version of pyarrow or fastparquet is required for parquet support.
Trying to import the above resulted in these errors:
 - Missing optional dependency 'pyarrow'. pyarrow is required for parquet support. Use pip or conda to install pyarrow.
 - Missing optional dependency 'fastparquet'. fastparquet is required for parquet support. Use pip or conda to install fastparquet.
2025-03-06 20:24 - ERROR - 'NoneType' object has no attribute 'head'
2025-03-06 20:25 - INFO - src/backend/data/dataset.csv not found. Reading from Parquet file.
2025-03-06 20:25 - ERROR - Error while loading dataset: Unable to find a usable engine; tried using: 'pyarrow', 'fastparquet'.
A suitable version of pyarrow or fastparquet is required for parquet support.
Trying to import the above resulted in these errors:
 - Missing optional dependency 'pyarrow'. pyarrow is required for parquet support. Use pip or conda to install pyarrow.
 - Missing optional dependency 'fastparquet'. fastparquet is required for parquet support. Use pip or conda to install fastparquet.
Traceback (most recent call last):
  File "C:\Users\Vijay\OneDrive\Desktop\Yuvabe_Care_Companion_AI\src\backend\data\dataset.py", line 16, in get_data_set
    df = pd.read_parquet(PARAQUET_DATASET_PATH)
  File "C:\Users\Vijay\OneDrive\Desktop\Yuvabe_Care_Companion_AI\.venv\Lib\site-packages\pandas\io\parquet.py", line 651, in read_parquet
    impl = get_engine(engine)
  File "C:\Users\Vijay\OneDrive\Desktop\Yuvabe_Care_Companion_AI\.venv\Lib\site-packages\pandas\io\parquet.py", line 67, in get_engine
    raise ImportError(
    ...<7 lines>...
    )
ImportError: Unable to find a usable engine; tried using: 'pyarrow', 'fastparquet'.
A suitable version of pyarrow or fastparquet is required for parquet support.
Trying to import the above resulted in these errors:
 - Missing optional dependency 'pyarrow'. pyarrow is required for parquet support. Use pip or conda to install pyarrow.
 - Missing optional dependency 'fastparquet'. fastparquet is required for parquet support. Use pip or conda to install fastparquet.
2025-03-06 20:25 - ERROR - 'NoneType' object has no attribute 'head'
2025-03-06 20:27 - INFO - src/backend/data/dataset.csv not found. Reading from Parquet file.
2025-03-06 20:27 - ERROR - Error while loading dataset: Unable to find a usable engine; tried using: 'pyarrow', 'fastparquet'.
A suitable version of pyarrow or fastparquet is required for parquet support.
Trying to import the above resulted in these errors:
 - Missing optional dependency 'pyarrow'. pyarrow is required for parquet support. Use pip or conda to install pyarrow.
 - Missing optional dependency 'fastparquet'. fastparquet is required for parquet support. Use pip or conda to install fastparquet.
Traceback (most recent call last):
  File "C:\Users\Vijay\OneDrive\Desktop\Yuvabe_Care_Companion_AI\src\backend\data\dataset.py", line 16, in get_data_set
    df = pd.read_parquet(PARAQUET_DATASET_PATH)
  File "C:\Users\Vijay\OneDrive\Desktop\Yuvabe_Care_Companion_AI\.venv\Lib\site-packages\pandas\io\parquet.py", line 651, in read_parquet
    impl = get_engine(engine)
  File "C:\Users\Vijay\OneDrive\Desktop\Yuvabe_Care_Companion_AI\.venv\Lib\site-packages\pandas\io\parquet.py", line 67, in get_engine
    raise ImportError(
    ...<7 lines>...
    )
ImportError: Unable to find a usable engine; tried using: 'pyarrow', 'fastparquet'.
A suitable version of pyarrow or fastparquet is required for parquet support.
Trying to import the above resulted in these errors:
 - Missing optional dependency 'pyarrow'. pyarrow is required for parquet support. Use pip or conda to install pyarrow.
 - Missing optional dependency 'fastparquet'. fastparquet is required for parquet support. Use pip or conda to install fastparquet.
2025-03-06 20:27 - INFO - Hello World
2025-03-06 20:27 - ERROR - 'NoneType' object has no attribute 'to_dict'
2025-03-06 20:28 - INFO - src/backend/data/dataset.csv not found. Reading from Parquet file.
2025-03-06 20:28 - ERROR - Error while loading dataset: Unable to find a usable engine; tried using: 'pyarrow', 'fastparquet'.
A suitable version of pyarrow or fastparquet is required for parquet support.
Trying to import the above resulted in these errors:
 - Missing optional dependency 'pyarrow'. pyarrow is required for parquet support. Use pip or conda to install pyarrow.
 - Missing optional dependency 'fastparquet'. fastparquet is required for parquet support. Use pip or conda to install fastparquet.
Traceback (most recent call last):
  File "C:\Users\Vijay\OneDrive\Desktop\Yuvabe_Care_Companion_AI\src\backend\data\dataset.py", line 16, in get_data_set
    df = pd.read_parquet(PARAQUET_DATASET_PATH)
  File "C:\Users\Vijay\OneDrive\Desktop\Yuvabe_Care_Companion_AI\.venv\Lib\site-packages\pandas\io\parquet.py", line 651, in read_parquet
    impl = get_engine(engine)
  File "C:\Users\Vijay\OneDrive\Desktop\Yuvabe_Care_Companion_AI\.venv\Lib\site-packages\pandas\io\parquet.py", line 67, in get_engine
    raise ImportError(
    ...<7 lines>...
    )
ImportError: Unable to find a usable engine; tried using: 'pyarrow', 'fastparquet'.
A suitable version of pyarrow or fastparquet is required for parquet support.
Trying to import the above resulted in these errors:
 - Missing optional dependency 'pyarrow'. pyarrow is required for parquet support. Use pip or conda to install pyarrow.
 - Missing optional dependency 'fastparquet'. fastparquet is required for parquet support. Use pip or conda to install fastparquet.
2025-03-06 20:28 - INFO - Hello World
2025-03-06 20:28 - ERROR - 'NoneType' object has no attribute 'to_dict'
2025-03-06 20:57 - INFO - src/backend/data/dataset.csv not found. Reading from Parquet file.
2025-03-06 20:57 - INFO - CSV file created and cleaned at: src/backend/data/dataset.csv
2025-03-06 21:00 - INFO - Loading existing dataset from: src/backend/data/dataset.csv
2025-03-06 21:00 - INFO - Dataset loaded successfully.
2025-03-06 21:02 - INFO - Loading existing dataset from: src/backend/data/dataset.csv
2025-03-06 21:02 - INFO - Dataset loaded successfully.
2025-03-06 21:04 - INFO - Loading existing dataset from: src/backend/data/dataset.csv
2025-03-06 21:04 - INFO - Dataset loaded successfully.
2025-03-06 21:05 - INFO - Loading existing dataset from: src/backend/data/dataset.csv
2025-03-06 21:05 - INFO - Dataset loaded successfully.
2025-03-06 21:05 - INFO - Loading existing dataset from: src/backend/data/dataset.csv
2025-03-06 21:05 - INFO - Dataset loaded successfully.
2025-03-06 21:05 - INFO - Loading existing dataset from: src/backend/data/dataset.csv
2025-03-06 21:05 - INFO - Dataset loaded successfully.
2025-03-06 21:06 - INFO - Loading existing dataset from: src/backend/data/dataset.csv
2025-03-06 21:06 - INFO - Dataset loaded successfully.
2025-03-06 21:06 - INFO - Trying to fetch the data from database
2025-03-06 21:06 - INFO - Generated AI response for user prompt: I'm not feeling well today...
2025-03-06 21:08 - INFO - Loading existing dataset from: src/backend/data/dataset.csv
2025-03-06 21:08 - INFO - Dataset loaded successfully.
2025-03-06 21:09 - INFO - Loading existing dataset from: src/backend/data/dataset.csv
2025-03-06 21:09 - INFO - Dataset loaded successfully.
2025-03-06 21:09 - INFO - Trying to fetch the data from database
2025-03-06 21:09 - INFO - Generated AI response for user prompt: I'm not feeling well today...
2025-03-06 21:13 - INFO - Loading existing dataset from: src/backend/data/dataset.csv
2025-03-06 21:13 - INFO - Dataset loaded successfully.
2025-03-06 21:19 - INFO - Trying to fetch the data from database
2025-03-06 21:19 - INFO - Received user prompt: I'm not feeling well today
2025-03-06 21:19 - INFO - Trying to fetch the data from database
2025-03-06 21:19 - INFO - Generated AI response for user prompt: I'm not feeling well today...
2025-03-06 21:19 - INFO - Generated AI response: I'm so sorry to hear that you're not feeling well today. It can be really frustrating and worrying w...
2025-03-06 21:21 - INFO - Trying to fetch the data from database
2025-03-06 21:21 - INFO - Successfully fetched the data from database
2025-03-06 21:21 - INFO - Received user prompt: I'm not feeling well today
2025-03-06 21:21 - INFO - Trying to fetch the data from database
2025-03-06 21:21 - INFO - Successfully fetched the data from database
2025-03-06 21:21 - INFO - Generated AI response for user prompt: I'm not feeling well today...
2025-03-06 21:21 - INFO - Generated AI response: Sorry to hear that you're not feeling well today. It can be concerning when we're not at our best. S...
2025-03-06 21:47 - INFO - Received user prompt: I'm not feeling well today
2025-03-06 21:47 - INFO - Trying to fetch the data from database
2025-03-06 21:47 - INFO - Successfully fetched the data from database
2025-03-06 21:47 - INFO - Generated AI response for user prompt: I'm not feeling well today...
2025-03-06 21:47 - INFO - Generated AI response: Sorry to hear that you're not feeling well today. It's always a good idea to try to identify the pos...
